<?xml version="1.0" encoding="UTF-8"?>
<testng-results skipped="0" failed="0" ignored="1" total="2" passed="1">
  <reporter-output>
  </reporter-output>
  <suite name="my suite" duration-ms="40279" started-at="2020-04-02T19:15:01 IST" finished-at="2020-04-02T19:15:41 IST">
    <groups>
    </groups>
    <test name="my tests 1" duration-ms="40279" started-at="2020-04-02T19:15:01 IST" finished-at="2020-04-02T19:15:41 IST">
      <class name="com.testcases.Test_001">
        <test-method status="PASS" signature="setUp()[pri:0, instance:com.testcases.Test_001@3a5ed7a6]" name="setUp" is-config="true" duration-ms="34312" started-at="2020-04-02T19:14:26 IST" finished-at="2020-04-02T19:15:01 IST">
          <reporter-output>
          </reporter-output>
        </test-method> <!-- setUp -->
        <test-method status="PASS" signature="beforeClass()[pri:0, instance:com.testcases.Test_001@3a5ed7a6]" name="beforeClass" is-config="true" duration-ms="0" started-at="2020-04-02T19:15:01 IST" finished-at="2020-04-02T19:15:01 IST">
          <reporter-output>
          </reporter-output>
        </test-method> <!-- beforeClass -->
        <test-method status="PASS" signature="beforeMethod(java.lang.reflect.Method)[pri:0, instance:com.testcases.Test_001@3a5ed7a6]" name="beforeMethod" is-config="true" duration-ms="5" started-at="2020-04-02T19:15:01 IST" finished-at="2020-04-02T19:15:01 IST">
          <params>
            <param index="0">
              <value>
                <![CDATA[public void com.testcases.Test_001.test_login() throws java.lang.Exception]]>
              </value>
            </param>
          </params>
          <reporter-output>
          </reporter-output>
        </test-method> <!-- beforeMethod -->
        <test-method status="PASS" signature="test_login()[pri:0, instance:com.testcases.Test_001@3a5ed7a6]" name="test_login" duration-ms="40242" started-at="2020-04-02T19:15:01 IST" description="test to verify page title" finished-at="2020-04-02T19:15:41 IST">
          <reporter-output>
          </reporter-output>
        </test-method> <!-- test_login -->
        <test-method status="PASS" signature="afterMethod(java.lang.reflect.Method)[pri:0, instance:com.testcases.Test_001@3a5ed7a6]" name="afterMethod" is-config="true" duration-ms="0" started-at="2020-04-02T19:15:41 IST" finished-at="2020-04-02T19:15:41 IST">
          <params>
            <param index="0">
              <value>
                <![CDATA[public void com.testcases.Test_001.test_login() throws java.lang.Exception]]>
              </value>
            </param>
          </params>
          <reporter-output>
          </reporter-output>
        </test-method> <!-- afterMethod -->
        <test-method status="PASS" signature="afterClass()[pri:0, instance:com.testcases.Test_001@3a5ed7a6]" name="afterClass" is-config="true" duration-ms="0" started-at="2020-04-02T19:15:41 IST" finished-at="2020-04-02T19:15:41 IST">
          <reporter-output>
          </reporter-output>
        </test-method> <!-- afterClass -->
        <test-method status="PASS" signature="tearDown()[pri:0, instance:com.testcases.Test_001@3a5ed7a6]" name="tearDown" is-config="true" duration-ms="1361" started-at="2020-04-02T19:15:41 IST" finished-at="2020-04-02T19:15:42 IST">
          <reporter-output>
          </reporter-output>
        </test-method> <!-- tearDown -->
      </class> <!-- com.testcases.Test_001 -->
    </test> <!-- my tests 1 -->
  </suite> <!-- my suite -->
</testng-results>
