<?xml version="1.0" encoding="UTF-8"?>
<!-- Generated by org.testng.reporters.JUnitXMLReporter -->
<testsuite hostname="PDCLT012XLSLQ2" ignored="0" name="my tests 1" tests="2" failures="1" timestamp="2020-04-01T18:08:29 IST" time="11.205" errors="0">
  <testcase name="test_login" time="10.533" classname="com.testcases.Test_001"/>
  <testcase name="test_login1" time="0.133" classname="com.testcases.Test_001">
    <failure type="java.lang.AssertionError" message="expected [false] but found [true]">
      <![CDATA[java.lang.AssertionError: expected [false] but found [true]
at com.testcases.Test_001.test_login1(Test_001.java:41)
at java.util.ArrayList.forEach(Unknown Source)
... Removed 32 stack frames]]>
    </failure>
  </testcase> <!-- test_login1 -->
</testsuite> <!-- my tests 1 -->
