<?xml version="1.0" encoding="UTF-8"?>
<!-- Generated by org.testng.reporters.JUnitXMLReporter -->
<testsuite hostname="PDCLT012XLSLQ2" ignored="0" name="my tests 1" tests="2" failures="0" timestamp="2020-04-02T13:55:22 IST" time="0.031" errors="0">
  <testcase name="@BeforeSuite setUp" time="0.015" classname="com.base.BaseTest">
    <failure type="java.lang.NullPointerException">
      <![CDATA[java.lang.NullPointerException
at com.helper.ReadConfigProperty.getValue(ReadConfigProperty.java:48)
at com.base.BaseTest.setUp(BaseTest.java:44)
... Removed 19 stack frames]]>
    </failure>
  </testcase> <!-- @BeforeSuite setUp -->
  <testcase name="@BeforeClass beforeClass" time="-1.58581592205E9" classname="com.base.BaseTest">
    <skipped/>
  </testcase> <!-- @BeforeClass beforeClass -->
  <testcase name="@BeforeMethod beforeMethod" time="-1.58581592205E9" classname="com.base.BaseTest">
    <skipped/>
  </testcase> <!-- @BeforeMethod beforeMethod -->
  <testcase name="@AfterMethod afterMethod" time="-1.585815922065E9" classname="com.base.BaseTest">
    <skipped/>
  </testcase> <!-- @AfterMethod afterMethod -->
  <testcase name="@BeforeMethod beforeMethod" time="-1.585815922065E9" classname="com.base.BaseTest">
    <skipped/>
  </testcase> <!-- @BeforeMethod beforeMethod -->
  <testcase name="@AfterMethod afterMethod" time="-1.585815922065E9" classname="com.base.BaseTest">
    <skipped/>
  </testcase> <!-- @AfterMethod afterMethod -->
  <testcase name="@AfterClass afterClass" time="-1.585815922065E9" classname="com.base.BaseTest">
    <skipped/>
  </testcase> <!-- @AfterClass afterClass -->
  <testcase name="test_login" time="0.0" classname="com.testcases.Test_001">
    <skipped/>
  </testcase> <!-- test_login -->
  <testcase name="test_login1" time="0.0" classname="com.testcases.Test_001">
    <skipped/>
  </testcase> <!-- test_login1 -->
</testsuite> <!-- my tests 1 -->
